#! /usr/bin/vvp
:ivl_version "10.3 (stable)";
:ivl_delay_selection "TYPICAL";
:vpi_time_precision + 0;
:vpi_module "system";
:vpi_module "vhdl_sys";
:vpi_module "v2005_math";
:vpi_module "va_math";
S_0x556b6d582ff0 .scope module, "tristate_tb" "tristate_tb" 2 2;
 .timescale 0 0;
v0x556b6d592ba0_0 .var "ctrl", 0 0;
v0x556b6d592c70_0 .var "in", 0 0;
v0x556b6d592d40_0 .net "out", 0 0, v0x556b6d592a80_0;  1 drivers
S_0x556b6d583170 .scope module, "uut" "tristate" 2 6, 3 1 0, S_0x556b6d582ff0;
 .timescale 0 0;
    .port_info 0 /INPUT 1 "in"
    .port_info 1 /INPUT 1 "ctrl"
    .port_info 2 /OUTPUT 1 "out"
v0x556b6d54d110_0 .net "ctrl", 0 0, v0x556b6d592ba0_0;  1 drivers
v0x556b6d5929c0_0 .net "in", 0 0, v0x556b6d592c70_0;  1 drivers
v0x556b6d592a80_0 .var "out", 0 0;
E_0x556b6d54da20 .event edge, v0x556b6d54d110_0;
    .scope S_0x556b6d583170;
T_0 ;
    %wait E_0x556b6d54da20;
    %load/vec4 v0x556b6d54d110_0;
    %pad/u 32;
    %cmpi/e 1, 0, 32;
    %jmp/0xz  T_0.0, 4;
    %load/vec4 v0x556b6d5929c0_0;
    %store/vec4 v0x556b6d592a80_0, 0, 1;
    %jmp T_0.1;
T_0.0 ;
    %pushi/vec4 0, 1, 1;
    %store/vec4 v0x556b6d592a80_0, 0, 1;
T_0.1 ;
    %jmp T_0;
    .thread T_0, $push;
    .scope S_0x556b6d582ff0;
T_1 ;
    %vpi_call 2 9 "$dumpfile", "tristate.vcd" {0 0 0};
    %vpi_call 2 10 "$dumpvars", 32'sb00000000000000000000000000000000, S_0x556b6d582ff0 {0 0 0};
    %delay 10, 0;
    %pushi/vec4 1, 0, 1;
    %store/vec4 v0x556b6d592ba0_0, 0, 1;
    %pushi/vec4 1, 0, 1;
    %store/vec4 v0x556b6d592c70_0, 0, 1;
    %delay 10, 0;
    %pushi/vec4 0, 0, 1;
    %store/vec4 v0x556b6d592ba0_0, 0, 1;
    %delay 1, 0;
    %vpi_call 2 15 "$monitor", "out = %b", v0x556b6d592d40_0 {0 0 0};
    %end;
    .thread T_1;
# The file index is used to find the file name in the following table.
:file_names 4;
    "N/A";
    "<interactive>";
    "/home/soham/Desktop/test/tristate/tristate_tb.v";
    "./tristate.v";
