#! /usr/bin/vvp
:ivl_version "10.3 (stable)";
:ivl_delay_selection "TYPICAL";
:vpi_time_precision + 0;
:vpi_module "system";
:vpi_module "vhdl_sys";
:vpi_module "v2005_math";
:vpi_module "va_math";
S_0x5617f3d15130 .scope module, "mux21" "mux21" 2 1;
 .timescale 0 0;
    .port_info 0 /INPUT 1 "s"
    .port_info 1 /INPUT 1 "d0"
    .port_info 2 /INPUT 1 "d1"
    .port_info 3 /OUTPUT 1 "y"
o0x7f65f256d018 .functor BUFZ 1, C4<z>; HiZ drive
v0x5617f3d15360_0 .net "d0", 0 0, o0x7f65f256d018;  0 drivers
o0x7f65f256d048 .functor BUFZ 1, C4<z>; HiZ drive
v0x5617f3d57d20_0 .net "d1", 0 0, o0x7f65f256d048;  0 drivers
o0x7f65f256d078 .functor BUFZ 1, C4<z>; HiZ drive
v0x5617f3d57de0_0 .net "s", 0 0, o0x7f65f256d078;  0 drivers
v0x5617f3d57eb0_0 .var "y", 0 0;
E_0x5617f3d15a00 .event edge, v0x5617f3d57de0_0, v0x5617f3d57d20_0, v0x5617f3d15360_0;
    .scope S_0x5617f3d15130;
T_0 ;
    %wait E_0x5617f3d15a00;
    %load/vec4 v0x5617f3d57de0_0;
    %flag_set/vec4 8;
    %jmp/0xz  T_0.0, 8;
    %load/vec4 v0x5617f3d57d20_0;
    %store/vec4 v0x5617f3d57eb0_0, 0, 1;
    %jmp T_0.1;
T_0.0 ;
    %load/vec4 v0x5617f3d15360_0;
    %store/vec4 v0x5617f3d57eb0_0, 0, 1;
T_0.1 ;
    %jmp T_0;
    .thread T_0, $push;
# The file index is used to find the file name in the following table.
:file_names 3;
    "N/A";
    "<interactive>";
    "/home/soham/Desktop/test/2x1_mux/mux21.v";
