#! /usr/bin/vvp
:ivl_version "10.3 (stable)";
:ivl_delay_selection "TYPICAL";
:vpi_time_precision + 0;
:vpi_module "system";
:vpi_module "vhdl_sys";
:vpi_module "v2005_math";
:vpi_module "va_math";
S_0x55ff54d52dc0 .scope module, "half_adder_tb" "half_adder_tb" 2 2;
 .timescale 0 0;
v0x55ff54d63560_0 .var "a", 0 0;
v0x55ff54d63620_0 .var "b", 0 0;
v0x55ff54d636f0_0 .net "carry", 0 0, L_0x55ff54d63a20;  1 drivers
v0x55ff54d637f0_0 .net "sum", 0 0, L_0x55ff54d638c0;  1 drivers
S_0x55ff54d52f40 .scope module, "uut" "half_adder" 2 9, 3 1 0, S_0x55ff54d52dc0;
 .timescale 0 0;
    .port_info 0 /INPUT 1 "a"
    .port_info 1 /INPUT 1 "b"
    .port_info 2 /OUTPUT 1 "sum"
    .port_info 3 /OUTPUT 1 "carry"
L_0x55ff54d638c0 .functor XOR 1, v0x55ff54d63560_0, v0x55ff54d63620_0, C4<0>, C4<0>;
L_0x55ff54d63a20 .functor AND 1, v0x55ff54d63560_0, v0x55ff54d63620_0, C4<1>, C4<1>;
v0x55ff54d1d0e0_0 .net "a", 0 0, v0x55ff54d63560_0;  1 drivers
v0x55ff54d63260_0 .net "b", 0 0, v0x55ff54d63620_0;  1 drivers
v0x55ff54d63320_0 .net "carry", 0 0, L_0x55ff54d63a20;  alias, 1 drivers
v0x55ff54d633f0_0 .net "sum", 0 0, L_0x55ff54d638c0;  alias, 1 drivers
    .scope S_0x55ff54d52dc0;
T_0 ;
    %vpi_call 2 13 "$dumpfile", "half_adder.vcd" {0 0 0};
    %vpi_call 2 14 "$dumpvars", 32'sb00000000000000000000000000000000, S_0x55ff54d52dc0 {0 0 0};
    %delay 10, 0;
    %pushi/vec4 0, 0, 1;
    %store/vec4 v0x55ff54d63560_0, 0, 1;
    %pushi/vec4 0, 0, 1;
    %store/vec4 v0x55ff54d63620_0, 0, 1;
    %delay 10, 0;
    %pushi/vec4 1, 0, 1;
    %store/vec4 v0x55ff54d63560_0, 0, 1;
    %pushi/vec4 0, 0, 1;
    %store/vec4 v0x55ff54d63620_0, 0, 1;
    %delay 10, 0;
    %pushi/vec4 0, 0, 1;
    %store/vec4 v0x55ff54d63560_0, 0, 1;
    %pushi/vec4 1, 0, 1;
    %store/vec4 v0x55ff54d63620_0, 0, 1;
    %delay 10, 0;
    %pushi/vec4 1, 0, 1;
    %store/vec4 v0x55ff54d63560_0, 0, 1;
    %pushi/vec4 1, 0, 1;
    %store/vec4 v0x55ff54d63620_0, 0, 1;
    %end;
    .thread T_0;
# The file index is used to find the file name in the following table.
:file_names 4;
    "N/A";
    "<interactive>";
    "/home/soham/Desktop/test/half adder/half_adder_tb.v";
    "./half_adder.v";
