#! /usr/bin/vvp
:ivl_version "10.3 (stable)";
:ivl_delay_selection "TYPICAL";
:vpi_time_precision + 0;
:vpi_module "system";
:vpi_module "vhdl_sys";
:vpi_module "v2005_math";
:vpi_module "va_math";
S_0x55c0bd9bd130 .scope module, "mux41" "mux41" 2 1;
 .timescale 0 0;
    .port_info 0 /OUTPUT 1 "y"
    .port_info 1 /INPUT 1 "x0"
    .port_info 2 /INPUT 1 "x1"
    .port_info 3 /INPUT 1 "x2"
    .port_info 4 /INPUT 1 "x3"
    .port_info 5 /INPUT 1 "s0"
    .port_info 6 /INPUT 1 "s1"
o0x7fcaaa1fa018 .functor BUFZ 1, C4<z>; HiZ drive
v0x55c0bd9bd380_0 .net "s0", 0 0, o0x7fcaaa1fa018;  0 drivers
o0x7fcaaa1fa048 .functor BUFZ 1, C4<z>; HiZ drive
v0x55c0bda02940_0 .net "s1", 0 0, o0x7fcaaa1fa048;  0 drivers
o0x7fcaaa1fa078 .functor BUFZ 1, C4<z>; HiZ drive
v0x55c0bda02a20_0 .net "x0", 0 0, o0x7fcaaa1fa078;  0 drivers
o0x7fcaaa1fa0a8 .functor BUFZ 1, C4<z>; HiZ drive
v0x55c0bda02ac0_0 .net "x1", 0 0, o0x7fcaaa1fa0a8;  0 drivers
o0x7fcaaa1fa0d8 .functor BUFZ 1, C4<z>; HiZ drive
v0x55c0bda02b80_0 .net "x2", 0 0, o0x7fcaaa1fa0d8;  0 drivers
o0x7fcaaa1fa108 .functor BUFZ 1, C4<z>; HiZ drive
v0x55c0bda02c90_0 .net "x3", 0 0, o0x7fcaaa1fa108;  0 drivers
v0x55c0bda02d50_0 .var "y", 0 0;
E_0x55c0bd9f2950/0 .event edge, v0x55c0bda02c90_0, v0x55c0bda02b80_0, v0x55c0bda02ac0_0, v0x55c0bda02a20_0;
E_0x55c0bd9f2950/1 .event edge, v0x55c0bd9bd380_0, v0x55c0bda02940_0;
E_0x55c0bd9f2950 .event/or E_0x55c0bd9f2950/0, E_0x55c0bd9f2950/1;
    .scope S_0x55c0bd9bd130;
T_0 ;
    %wait E_0x55c0bd9f2950;
    %load/vec4 v0x55c0bda02940_0;
    %pad/u 32;
    %pushi/vec4 0, 0, 32;
    %cmp/e;
    %flag_get/vec4 4;
    %load/vec4 v0x55c0bd9bd380_0;
    %pad/u 32;
    %pushi/vec4 0, 0, 32;
    %cmp/e;
    %flag_get/vec4 4;
    %and;
    %flag_set/vec4 8;
    %jmp/0xz  T_0.0, 8;
    %load/vec4 v0x55c0bda02a20_0;
    %store/vec4 v0x55c0bda02d50_0, 0, 1;
    %jmp T_0.1;
T_0.0 ;
    %load/vec4 v0x55c0bda02940_0;
    %pad/u 32;
    %pushi/vec4 0, 0, 32;
    %cmp/e;
    %flag_get/vec4 4;
    %load/vec4 v0x55c0bd9bd380_0;
    %pad/u 32;
    %pushi/vec4 1, 0, 32;
    %cmp/e;
    %flag_get/vec4 4;
    %and;
    %flag_set/vec4 8;
    %jmp/0xz  T_0.2, 8;
    %load/vec4 v0x55c0bda02ac0_0;
    %store/vec4 v0x55c0bda02d50_0, 0, 1;
    %jmp T_0.3;
T_0.2 ;
    %load/vec4 v0x55c0bda02940_0;
    %pad/u 32;
    %pushi/vec4 1, 0, 32;
    %cmp/e;
    %flag_get/vec4 4;
    %load/vec4 v0x55c0bd9bd380_0;
    %pad/u 32;
    %pushi/vec4 0, 0, 32;
    %cmp/e;
    %flag_get/vec4 4;
    %and;
    %flag_set/vec4 8;
    %jmp/0xz  T_0.4, 8;
    %load/vec4 v0x55c0bda02b80_0;
    %store/vec4 v0x55c0bda02d50_0, 0, 1;
    %jmp T_0.5;
T_0.4 ;
    %load/vec4 v0x55c0bda02c90_0;
    %store/vec4 v0x55c0bda02d50_0, 0, 1;
T_0.5 ;
T_0.3 ;
T_0.1 ;
    %jmp T_0;
    .thread T_0, $push;
# The file index is used to find the file name in the following table.
:file_names 3;
    "N/A";
    "<interactive>";
    "/home/soham/Desktop/test/4x1_mux/mux41.v";
